10/21/2020 9:54:26 AM	This log contains information about the import schema operation into project 'IonisDW' on computer 'W10_RICH' by user 'rcrook'.
10/21/2020 9:54:26 AM	Import of database schema has started.
10/21/2020 9:54:30 AM	Gathering logins
10/21/2020 9:54:38 AM	Gathering database credentials
10/21/2020 9:54:38 AM	Gathering database options
10/21/2020 9:54:38 AM	Gathering generic database scoped configuration option
10/21/2020 9:54:38 AM	Gathering users
10/21/2020 9:54:38 AM	Gathering roles
10/21/2020 9:54:38 AM	Gathering application roles
10/21/2020 9:54:38 AM	Gathering role memberships
10/21/2020 9:54:38 AM	Gathering filegroups
10/21/2020 9:54:38 AM	Gathering full-text catalogs
10/21/2020 9:54:38 AM	Gathering assemblies
10/21/2020 9:54:38 AM	Gathering certificates
10/21/2020 9:54:38 AM	Gathering symmetric keys
10/21/2020 9:54:38 AM	Gathering encrypted symmetric keys
10/21/2020 9:54:38 AM	Gathering schemas
10/21/2020 9:54:38 AM	Gathering XML schema collections
10/21/2020 9:54:38 AM	Gathering user-defined data types
10/21/2020 9:54:38 AM	Gathering user-defined types
10/21/2020 9:54:38 AM	Gathering table types
10/21/2020 9:54:38 AM	Gathering unique keys for table types
10/21/2020 9:54:38 AM	Gathering primary keys for table types
10/21/2020 9:54:38 AM	Gathering indexes for table types
10/21/2020 9:54:38 AM	Gathering check constraints for table types
10/21/2020 9:54:38 AM	Gathering default constraints for table types
10/21/2020 9:54:38 AM	Gathering partition functions
10/21/2020 9:54:38 AM	Gathering partition schemes
10/21/2020 9:54:38 AM	Gathering functions
10/21/2020 9:54:38 AM	Gathering encrypted functions
10/21/2020 9:54:38 AM	Gathering aggregates
10/21/2020 9:54:38 AM	Gathering procedures
10/21/2020 9:54:38 AM	Gathering encrypted procedures
10/21/2020 9:54:38 AM	Gathering tables
10/21/2020 9:54:39 AM	Gathering primary keys
10/21/2020 9:54:39 AM	Gathering unique constraints
10/21/2020 9:54:39 AM	Gathering foreign keys
10/21/2020 9:54:39 AM	Gathering default constraints
10/21/2020 9:54:39 AM	Gathering check constraints
10/21/2020 9:54:39 AM	Gathering views
10/21/2020 9:54:39 AM	Gathering encrypted views
10/21/2020 9:54:39 AM	Gathering indexes
10/21/2020 9:54:39 AM	Gathering statistics
10/21/2020 9:54:39 AM	Gathering full-text index stoplists
10/21/2020 9:54:39 AM	Gathering search property lists
10/21/2020 9:54:39 AM	Gathering search properties
10/21/2020 9:54:39 AM	Gathering full-text indexes
10/21/2020 9:54:39 AM	Gathering column store indexes
10/21/2020 9:54:39 AM	Gathering spatial indexes
10/21/2020 9:54:39 AM	Gathering XML indexes
10/21/2020 9:54:39 AM	Gathering Selective XML indexes
10/21/2020 9:54:39 AM	Gathering encrypted triggers
10/21/2020 9:54:39 AM	Gathering triggers
10/21/2020 9:54:40 AM	Gathering encrypted and clr ddl triggers
10/21/2020 9:54:40 AM	Gathering ddl triggers
10/21/2020 9:54:40 AM	Creating edge constraints
10/21/2020 9:54:40 AM	Gathering synonyms
10/21/2020 9:54:40 AM	Gathering defaults
10/21/2020 9:54:40 AM	Gathering data constraint uddt bindings
10/21/2020 9:54:40 AM	Gathering rules
10/21/2020 9:54:40 AM	Gathering data constraint uddt bindings
10/21/2020 9:54:40 AM	Gathering message types
10/21/2020 9:54:40 AM	Gathering queues
10/21/2020 9:54:40 AM	Gathering contracts
10/21/2020 9:54:40 AM	Gathering services
10/21/2020 9:54:40 AM	Gathering event notifications
10/21/2020 9:54:40 AM	Gathering remote service bindings
10/21/2020 9:54:40 AM	Gathering broker priorities
10/21/2020 9:54:40 AM	Gathering signatures
10/21/2020 9:54:40 AM	Gathering data compression options
10/21/2020 9:54:40 AM	Gathering sequence types
10/21/2020 9:54:40 AM	Gathering security policies
10/21/2020 9:54:40 AM	Gather column encryption keys
10/21/2020 9:54:40 AM	Gathering column master keys
10/21/2020 9:54:40 AM	Gathering external data sources
10/21/2020 9:54:40 AM	Gathering external tables
10/21/2020 9:54:40 AM	Gathering extended properties
10/21/2020 9:54:41 AM	Scanning project for duplicate elements
10/21/2020 9:54:41 AM	Finished duplicate element processing
10/21/2020 9:54:44 AM	Finished importing database.
10/21/2020 9:54:44 AM	Warning: [dbo].[ufn_DecryptString]: The body was not imported because it is encrypted.
10/21/2020 9:54:44 AM	Warning: [dbo].[ufn_EncryptString]: The body was not imported because it is encrypted.
10/21/2020 9:54:44 AM	For more information about encrypted objects in SSDT see https://go.microsoft.com/fwlink/?LinkID=238374&clcid=0x409
10/21/2020 9:54:44 AM	A summary of the import was saved to the following location: C:\Users\rcrook\source\repos\Data Warehouse\IonisDW\Import Schema Logs\IonisDW_20201021045426.log
10/21/2020 9:54:44 AM	Click Finish to continue...
